
Current time: 2026-03-19 11:13:03.324746

Config: {'task_idx': 1, 'device': 0, 'log_file': 'log.out', 'save_file': '/public/home/zhangliml/lc/D4C/D4C-main/code/checkpoints/1/model.pth', 'learning_rate': 0.0005, 'epochs': 50, 'batch_size': 128, 'emsize': 768, 'nlayers': 2, 'nhid': 2048, 'ntoken': 32128, 'dropout': 0.2, 'nuser': 40873, 'nitem': 31400, 'coef': 1.0, 'adversarial_coef': 0.01, 'nhead': 2}

Current time: 2026-03-19 11:38:46.010841

Config: {'task_idx': 1, 'device': 0, 'log_file': 'log.out', 'save_file': '/public/home/zhangliml/lc/D4C/D4C-main/code/checkpoints/1/model.pth', 'learning_rate': 0.0005, 'epochs': 50, 'batch_size': 128, 'emsize': 768, 'nlayers': 2, 'nhid': 2048, 'ntoken': 32128, 'dropout': 0.2, 'nuser': 40873, 'nitem': 31400, 'coef': 1.0, 'adversarial_coef': 0.01, 'nhead': 2}

Current time: 2026-03-19 11:47:54.544148

Config: {'task_idx': 1, 'device': 0, 'log_file': 'log.out', 'save_file': '/public/home/zhangliml/lc/D4C/D4C-main/code/checkpoints/1/model.pth', 'learning_rate': 0.0005, 'epochs': 50, 'batch_size': 128, 'emsize': 768, 'nlayers': 2, 'nhid': 2048, 'ntoken': 32128, 'dropout': 0.2, 'nuser': 40873, 'nitem': 31400, 'coef': 1.0, 'adversarial_coef': 0.01, 'nhead': 2}

Current time: 2026-03-19 11:54:16.519918

Config: {'task_idx': 1, 'device': 0, 'log_file': 'log.out', 'save_file': '/public/home/zhangliml/lc/D4C/D4C-main/code/checkpoints/1/model.pth', 'learning_rate': 0.0005, 'epochs': 50, 'batch_size': 128, 'emsize': 768, 'nlayers': 2, 'nhid': 2048, 'ntoken': 32128, 'dropout': 0.2, 'nuser': 40873, 'nitem': 31400, 'coef': 1.0, 'adversarial_coef': 0.01, 'nhead': 2}
[Perf] Epoch 1 | Epoch: 20.5m | Total: 20.5m | Step: 445ms | GPU: 85% | Mem: 5.03G
Epoch 1: [2026-03-19 12:14:45] [lr: 0.0005] Loss = 37.6261, Adversarial Loss = 3.6104

Current time: 2026-03-19 12:25:05.773599

Config: {'task_idx': 1, 'device': 0, 'log_file': 'log.out', 'save_file': '/public/home/zhangliml/lc/D4C/D4C-main/code/checkpoints/1/model.pth', 'learning_rate': 0.0005, 'epochs': 50, 'batch_size': 1024, 'emsize': 768, 'nlayers': 2, 'nhid': 2048, 'ntoken': 32128, 'dropout': 0.2, 'nuser': 40873, 'nitem': 31400, 'coef': 1.0, 'adversarial_coef': 0.01, 'nhead': 2}
[Train] batch_size=1024, epochs=50, steps_per_epoch=345

Current time: 2026-03-19 13:47:48.850503

Config: {'task_idx': 1, 'device': 0, 'log_file': 'log.out', 'save_file': '/public/home/zhangliml/lc/D4C/D4C-main/code/checkpoints/1/model.pth', 'learning_rate': 0.0005, 'epochs': 50, 'batch_size': 1024, 'num_proc': 16, 'emsize': 768, 'nlayers': 2, 'nhid': 2048, 'ntoken': 32128, 'dropout': 0.2, 'nuser': 40873, 'nitem': 31400, 'coef': 1.0, 'adversarial_coef': 0.01, 'nhead': 2}
[Train] batch_size=1024, epochs=50, steps_per_epoch=345
Epoch 1 | Epoch: 8.6m | Total: 8.6m | Step: 1490ms
GPU: 99% | Mem: 22.11G | RAM: 14.3G/503G (5%)
CPU: 6/48 cores used | 13%
Epoch 1: [2026-03-19 13:56:25] [lr: 0.0005] Loss = 193.6442, Adversarial Loss = 20.1445
Epoch 2 | Epoch: 8.5m | Total: 17.5m | Step: 1482ms
GPU: 67% | Mem: 22.11G | RAM: 14.3G/503G (5%)
CPU: 6/48 cores used | 12%
Epoch 2: [2026-03-19 14:05:22] [lr: 0.0005] Loss = 14.4746, Adversarial Loss = 0.8409
Epoch 3 | Epoch: 8.5m | Total: 26.5m | Step: 1479ms
GPU: 93% | Mem: 22.11G | RAM: 14.7G/503G (5%)
CPU: 6/48 cores used | 13%
Epoch 3: [2026-03-19 14:14:18] [lr: 0.0005] Loss = 12.3899, Adversarial Loss = 0.9212
Epoch 4 | Epoch: 8.5m | Total: 35.4m | Step: 1479ms
GPU: 98% | Mem: 22.11G | RAM: 14.7G/503G (5%)
CPU: 6/48 cores used | 12%
Epoch 4: [2026-03-19 14:23:14] [lr: 0.0005] Loss = 11.7815, Adversarial Loss = 0.9355
Epoch 5 | Epoch: 8.5m | Total: 44.3m | Step: 1478ms
GPU: 99% | Mem: 22.11G | RAM: 14.9G/503G (5%)
CPU: 6/48 cores used | 14%
Epoch 5: [2026-03-19 14:32:09] [lr: 0.0005] Loss = 11.4321, Adversarial Loss = 0.9152
Epoch 6 | Epoch: 8.5m | Total: 53.2m | Step: 1475ms
GPU: 67% | Mem: 22.11G | RAM: 14.7G/503G (5%)
CPU: 5/48 cores used | 11%
Epoch 6: [2026-03-19 14:41:04] [lr: 0.0005] Loss = 11.0881, Adversarial Loss = 0.9022
Epoch 7 | Epoch: 8.5m | Total: 1.0h | Step: 1477ms
GPU: 69% | Mem: 22.11G | RAM: 15.8G/503G (5%)
CPU: 7/48 cores used | 14%
Epoch 7: [2026-03-19 14:49:59] [lr: 0.0005] Loss = 10.7844, Adversarial Loss = 0.8849
Epoch 8 | Epoch: 8.5m | Total: 1.2h | Step: 1477ms
GPU: 68% | Mem: 22.11G | RAM: 14.7G/503G (5%)
CPU: 6/48 cores used | 12%
Epoch 8: [2026-03-19 14:58:54] [lr: 0.0005] Loss = 10.5186, Adversarial Loss = 0.8845
Epoch 9 | Epoch: 8.5m | Total: 1.3h | Step: 1479ms
GPU: 99% | Mem: 22.11G | RAM: 14.6G/503G (5%)
CPU: 6/48 cores used | 13%
Epoch 9: [2026-03-19 15:07:50] [lr: 0.0005] Loss = 10.2101, Adversarial Loss = 0.8768
Epoch 10 | Epoch: 8.5m | Total: 1.5h | Step: 1479ms
GPU: 87% | Mem: 22.11G | RAM: 14.6G/503G (5%)
CPU: 6/48 cores used | 12%
Epoch 10: [2026-03-19 15:16:44] [lr: 0.00025] Loss = 9.8072, Adversarial Loss = 0.8831
Epoch 11 | Epoch: 8.5m | Total: 1.6h | Step: 1479ms
GPU: 68% | Mem: 22.11G | RAM: 14.6G/503G (5%)
CPU: 6/48 cores used | 13%
Epoch 11: [2026-03-19 15:25:38] [lr: 0.000125] Loss = 9.4143, Adversarial Loss = 0.8862
Epoch 12 | Epoch: 8.5m | Total: 1.8h | Step: 1478ms
GPU: 71% | Mem: 22.11G | RAM: 14.8G/503G (5%)
CPU: 6/48 cores used | 13%
Epoch 12: [2026-03-19 15:34:32] [lr: 6.25e-05] Loss = 9.1935, Adversarial Loss = 0.8869
Epoch 13 | Epoch: 8.5m | Total: 1.9h | Step: 1478ms
GPU: 68% | Mem: 22.11G | RAM: 16.3G/503G (5%)
CPU: 6/48 cores used | 12%
Epoch 13: [2026-03-19 15:43:26] [lr: 3.125e-05] Loss = 9.0668, Adversarial Loss = 0.8883

╔══════════════════════════════════════════════════════════════╗
║              训练性能汇总 (Performance Summary)             ║
╠══════════════════════════════════════════════════════════════╣
║  总训练轮数     │      13 epochs                              ║
║  总训练时间     │        1.9h                                  ║
║  平均单轮耗时   │        8.5m                                  ║
║  平均单步耗时   │    1479 ms                                ║
║  GPU 峰值显存   │      22.11G                                  ║
║  CPU 利用核心   │     8/48 cores | 16%                     ║
║  DataLoader 进程 │      16 workers                         ║
╚══════════════════════════════════════════════════════════════╝


Current time: 2026-03-19 23:51:28.843214

Config: {'task_idx': 2, 'device': 0, 'device_ids': [0, 1], 'log_file': 'log.out', 'save_file': '/public/home/zhangliml/lc/D4C/D4C-main/code/checkpoints/2/model.pth', 'learning_rate': 0.001, 'epochs': 50, 'batch_size': 1024, 'num_proc': 16, 'emsize': 768, 'nlayers': 2, 'nhid': 2048, 'ntoken': 32128, 'dropout': 0.2, 'nuser': 33855, 'nitem': 34566, 'coef': 0.1, 'adversarial_coef': 0.01, 'nhead': 2}
[Train] batch_size=1024, epochs=50, steps_per_epoch=431

Current time: 2026-03-20 00:13:34.645782

Config: {'task_idx': 2, 'device': 0, 'device_ids': [0, 1], 'log_file': 'log.out', 'save_file': '/public/home/zhangliml/lc/D4C/D4C-main/code/checkpoints/2/model.pth', 'learning_rate': 0.001, 'epochs': 50, 'batch_size': 1024, 'num_proc': 16, 'emsize': 768, 'nlayers': 2, 'nhid': 2048, 'ntoken': 32128, 'dropout': 0.2, 'nuser': 33855, 'nitem': 34566, 'coef': 0.1, 'adversarial_coef': 0.01, 'nhead': 2}
[Train] batch_size=1024, epochs=50, steps_per_epoch=431
Epoch 1 | Epoch: 10.6m | Total: 10.6m | Step: 1476ms
GPU: 0:98% 1:27% | Mem: 0:21.84G 1:6.20G | RAM: 22.1G/503G (6%)
CPU: 8/48 cores used | 17%

Epoch 1:          [2026-03-20 00:24:44]       [lr: 0.001]
Loss = 86.3109    Adversarial Loss = 8.2670   Valid Loss = 7.6457
Epoch 2 | Epoch: 10.6m | Total: 21.7m | Step: 1469ms
GPU: 0:73% 1:39% | Mem: 0:21.84G 1:6.20G | RAM: 22.5G/503G (6%)
CPU: 8/48 cores used | 17%

Epoch 2:          [2026-03-20 00:35:48]       [lr: 0.001]
Loss = 7.2656     Adversarial Loss = 0.8915   Valid Loss = 7.4104
Epoch 3 | Epoch: 10.5m | Total: 32.7m | Step: 1468ms
GPU: 0:73% 1:39% | Mem: 0:21.84G 1:6.20G | RAM: 22.2G/503G (6%)
CPU: 8/48 cores used | 17%

Epoch 3:          [2026-03-20 00:46:52]       [lr: 0.001]
Loss = 6.6172     Adversarial Loss = 0.8546   Valid Loss = 6.1295
Epoch 4 | Epoch: 10.5m | Total: 43.8m | Step: 1468ms
GPU: 0:73% 1:21% | Mem: 0:21.84G 1:6.20G | RAM: 22.5G/503G (6%)
CPU: 8/48 cores used | 16%

Epoch 4:          [2026-03-20 00:57:56]       [lr: 0.001]
Loss = 5.7680     Adversarial Loss = 0.8274   Valid Loss = 5.5734
Epoch 5 | Epoch: 10.6m | Total: 54.9m | Step: 1470ms
GPU: 0:73% 1:48% | Mem: 0:21.84G 1:6.20G | RAM: 22.4G/503G (6%)
CPU: 8/48 cores used | 16%

Epoch 5:          [2026-03-20 01:09:00]       [lr: 0.001]
Loss = 5.4486     Adversarial Loss = 0.7680   Valid Loss = 5.3767
Epoch 6 | Epoch: 10.6m | Total: 1.1h | Step: 1469ms
GPU: 0:78% 1:40% | Mem: 0:21.84G 1:6.20G | RAM: 22.4G/503G (7%)
CPU: 8/48 cores used | 17%

Epoch 6:          [2026-03-20 01:20:05]       [lr: 0.001]
Loss = 5.2436     Adversarial Loss = 0.7747   Valid Loss = 5.2485
Epoch 7 | Epoch: 10.5m | Total: 1.3h | Step: 1467ms
GPU: 0:73% 1:68% | Mem: 0:21.84G 1:6.20G | RAM: 22.4G/503G (7%)
CPU: 8/48 cores used | 16%

Epoch 7:          [2026-03-20 01:31:09]       [lr: 0.001]
Loss = 5.0642     Adversarial Loss = 0.7818   Valid Loss = 5.1226
Epoch 8 | Epoch: 10.5m | Total: 1.5h | Step: 1468ms
GPU: 0:73% 1:26% | Mem: 0:21.84G 1:6.20G | RAM: 22.4G/503G (6%)
CPU: 8/48 cores used | 16%

Epoch 8:          [2026-03-20 01:42:12]       [lr: 0.001]
Loss = 4.8851     Adversarial Loss = 0.7848   Valid Loss = 5.0794
Epoch 9 | Epoch: 10.6m | Total: 1.7h | Step: 1469ms
GPU: 0:84% 1:73% | Mem: 0:21.84G 1:6.20G | RAM: 22.7G/503G (7%)
CPU: 8/48 cores used | 18%

Epoch 9:          [2026-03-20 01:53:16]       [lr: 0.001]
Loss = 4.7211     Adversarial Loss = 0.7849   Valid Loss = 5.0534
Epoch 10 | Epoch: 10.5m | Total: 1.8h | Step: 1468ms
GPU: 0:73% 1:73% | Mem: 0:21.84G 1:6.20G | RAM: 22.7G/503G (7%)
CPU: 8/48 cores used | 16%

Epoch 10:         [2026-03-20 02:04:20]       [lr: 0.001]
Loss = 4.5679     Adversarial Loss = 0.7852   Valid Loss = 5.0759
Epoch 11 | Epoch: 10.5m | Total: 2.0h | Step: 1469ms
GPU: 0:73% 1:72% | Mem: 0:21.84G 1:6.20G | RAM: 22.7G/503G (7%)
CPU: 8/48 cores used | 16%

Epoch 11:         [2026-03-20 02:15:23]       [lr: 0.0005]
Loss = 4.2252     Adversarial Loss = 0.7871   Valid Loss = 5.2436
Epoch 12 | Epoch: 10.6m | Total: 2.2h | Step: 1470ms
GPU: 0:73% 1:67% | Mem: 0:21.84G 1:6.20G | RAM: 22.3G/503G (6%)
CPU: 8/48 cores used | 18%

Epoch 12:         [2026-03-20 02:26:26]       [lr: 0.00025]
Loss = 3.9189     Adversarial Loss = 0.7942   Valid Loss = 5.5100
Epoch 13 | Epoch: 10.6m | Total: 2.4h | Step: 1469ms
GPU: 0:76% 1:22% | Mem: 0:21.84G 1:6.20G | RAM: 22.8G/503G (7%)
CPU: 8/48 cores used | 16%

Epoch 13:         [2026-03-20 02:37:29]       [lr: 0.000125]
Loss = 3.7166     Adversarial Loss = 0.7990   Valid Loss = 5.7146
Epoch 14 | Epoch: 10.5m | Total: 2.6h | Step: 1468ms
GPU: 0:83% 1:43% | Mem: 0:21.84G 1:6.20G | RAM: 22.8G/503G (7%)
CPU: 8/48 cores used | 16%

Epoch 14:         [2026-03-20 02:48:31]       [lr: 6.25e-05]
Loss = 3.6043     Adversarial Loss = 0.8017   Valid Loss = 5.8282

╔═════════════════════════════════════════════════════╗
║ 训练性能汇总 (Performance Summary)                        ║
╠═════════════════════════════════════════════════════╣
║ 总训练轮数                │                    14 epochs ║
║ 总训练时间                │                         2.6h ║
║ 平均单轮耗时               │                        10.6m ║
║ 平均单步耗时               │                      1469 ms ║
║ GPU 峰值显存             │                       21.84G ║
║ CPU 利用核心             │             8/48 cores | 16% ║
║ DataLoader 进程        │                   16 workers ║
╚═════════════════════════════════════════════════════╝

------------------------------------------FINAL RESULTS------------------------------------------
[2026-03-20 03:05:39] 
[Recommendation] MAE = 0.7013 | RMSE = 0.9605 
[Explanation] ROUGE: 13.26, 2.02, 10.31 
[Explanation] BLEU: 11.68, 4.53, 2.17, 1.28 
[Explanation] DIST: 0.34, 1.96,
[Explanation] METEOR: 9.09 
[Explanation] BERT: 0.0 

Current time: 2026-03-20 03:06:45.732232

Config: {'task_idx': 3, 'device': 0, 'device_ids': [0, 1], 'log_file': 'log.out', 'save_file': '/public/home/zhangliml/lc/D4C/D4C-main/code/checkpoints/3/model.pth', 'learning_rate': 0.0005, 'epochs': 50, 'batch_size': 1024, 'num_proc': 16, 'emsize': 768, 'nlayers': 2, 'nhid': 2048, 'ntoken': 32128, 'dropout': 0.2, 'nuser': 40873, 'nitem': 31400, 'coef': 0.5, 'adversarial_coef': 0.1, 'nhead': 2}
[Train] batch_size=1024, epochs=50, steps_per_epoch=345
Epoch 1 | Epoch: 8.6m | Total: 8.6m | Step: 1487ms
GPU: 0:84% 1:44% | Mem: 0:21.90G 1:6.22G | RAM: 19.8G/503G (6%)
CPU: 8/48 cores used | 16%

Epoch 1:          [2026-03-20 03:15:47]       [lr: 0.0005]
Loss = 187.1796   Adversarial Loss = 19.8175  Valid Loss = 7.3887
Epoch 2 | Epoch: 8.5m | Total: 17.5m | Step: 1480ms
GPU: 0:68% 1:46% | Mem: 0:21.90G 1:6.22G | RAM: 20.3G/503G (6%)
CPU: 7/48 cores used | 14%

Epoch 2:          [2026-03-20 03:24:43]       [lr: 0.0005]
Loss = 10.6912    Adversarial Loss = 0.8599   Valid Loss = 6.3122
Epoch 3 | Epoch: 8.5m | Total: 26.4m | Step: 1476ms
GPU: 0:85% 1:68% | Mem: 0:21.90G 1:6.22G | RAM: 20.4G/503G (6%)
CPU: 7/48 cores used | 14%

Epoch 3:          [2026-03-20 03:33:38]       [lr: 0.0005]
Loss = 9.1122     Adversarial Loss = 0.8147   Valid Loss = 5.9625
Epoch 4 | Epoch: 8.5m | Total: 35.3m | Step: 1477ms
GPU: 0:98% 1:54% | Mem: 0:21.90G 1:6.22G | RAM: 20.4G/503G (6%)
CPU: 7/48 cores used | 15%

Epoch 4:          [2026-03-20 03:42:33]       [lr: 0.0005]
Loss = 8.5193     Adversarial Loss = 0.7807   Valid Loss = 5.6036
Epoch 5 | Epoch: 8.5m | Total: 44.2m | Step: 1477ms
GPU: 0:98% 1:41% | Mem: 0:21.90G 1:6.22G | RAM: 20.3G/503G (6%)
CPU: 7/48 cores used | 14%

Epoch 5:          [2026-03-20 03:51:28]       [lr: 0.0005]
Loss = 8.1772     Adversarial Loss = 0.7681   Valid Loss = 5.4961
Epoch 6 | Epoch: 8.5m | Total: 53.2m | Step: 1479ms
GPU: 0:68% 1:58% | Mem: 0:21.90G 1:6.22G | RAM: 20.5G/503G (6%)
CPU: 7/48 cores used | 16%

Epoch 6:          [2026-03-20 04:00:24]       [lr: 0.0005]
Loss = 7.9000     Adversarial Loss = 0.7588   Valid Loss = 5.4608
Epoch 7 | Epoch: 8.5m | Total: 1.0h | Step: 1473ms
GPU: 0:73% 1:68% | Mem: 0:21.90G 1:6.22G | RAM: 16.3G/503G (4%)
CPU: 4/48 cores used | 8%

Epoch 7:          [2026-03-20 04:09:18]       [lr: 0.0005]
Loss = 7.6287     Adversarial Loss = 0.7478   Valid Loss = 5.4810
Epoch 8 | Epoch: 8.5m | Total: 1.2h | Step: 1475ms
GPU: 0:68% 1:46% | Mem: 0:21.90G 1:6.22G | RAM: 16.3G/503G (4%)
CPU: 2/48 cores used | 5%

Epoch 8:          [2026-03-20 04:18:11]       [lr: 0.00025]
Loss = 7.2695     Adversarial Loss = 0.7383   Valid Loss = 5.6296
Epoch 9 | Epoch: 8.5m | Total: 1.3h | Step: 1473ms
GPU: 0:68% 1:68% | Mem: 0:21.90G 1:6.22G | RAM: 16.7G/503G (4%)
CPU: 2/48 cores used | 5%

Epoch 9:          [2026-03-20 04:27:03]       [lr: 0.000125]
Loss = 6.9457     Adversarial Loss = 0.7347   Valid Loss = 5.8604
Epoch 10 | Epoch: 8.5m | Total: 1.5h | Step: 1473ms
GPU: 0:68% 1:46% | Mem: 0:21.90G 1:6.22G | RAM: 16.7G/503G (4%)
CPU: 2/48 cores used | 5%

Epoch 10:         [2026-03-20 04:35:55]       [lr: 6.25e-05]
Loss = 6.7392     Adversarial Loss = 0.7340   Valid Loss = 6.0914
Epoch 11 | Epoch: 8.5m | Total: 1.6h | Step: 1472ms
GPU: 0:68% 1:40% | Mem: 0:21.90G 1:6.22G | RAM: 16.3G/503G (4%)
CPU: 2/48 cores used | 5%

Epoch 11:         [2026-03-20 04:44:46]       [lr: 3.125e-05]
Loss = 6.6285     Adversarial Loss = 0.7334   Valid Loss = 6.2390

╔═════════════════════════════════════════════════════╗
║ 训练性能汇总 (Performance Summary)                        ║
╠═════════════════════════════════════════════════════╣
║ 总训练轮数                │                    11 epochs ║
║ 总训练时间                │                         1.6h ║
║ 平均单轮耗时               │                         8.5m ║
║ 平均单步耗时               │                      1477 ms ║
║ GPU 峰值显存             │                       21.90G ║
║ CPU 利用核心             │              3/48 cores | 6% ║
║ DataLoader 进程        │                   16 workers ║
╚═════════════════════════════════════════════════════╝

------------------------------------------FINAL RESULTS------------------------------------------
[2026-03-20 04:57:34] 
[Recommendation] MAE = 0.7451 | RMSE = 0.9886 
[Explanation] ROUGE: 12.51, 1.64, 9.62 
[Explanation] BLEU: 10.17, 3.64, 1.55, 0.79 
[Explanation] DIST: 0.22, 1.2,
[Explanation] METEOR: 8.4 
[Explanation] BERT: 0.0 

Current time: 2026-03-20 04:58:57.635247

Config: {'task_idx': 4, 'device': 0, 'device_ids': [0, 1], 'log_file': 'log.out', 'save_file': '/public/home/zhangliml/lc/D4C/D4C-main/code/checkpoints/4/model.pth', 'learning_rate': 0.001, 'epochs': 50, 'batch_size': 1024, 'num_proc': 16, 'emsize': 768, 'nlayers': 2, 'nhid': 2048, 'ntoken': 32128, 'dropout': 0.2, 'nuser': 49046, 'nitem': 34758, 'coef': 0.5, 'adversarial_coef': 0.01, 'nhead': 2}
[Train] batch_size=1024, epochs=50, steps_per_epoch=470
Epoch 1 | Epoch: 11.8m | Total: 11.8m | Step: 1506ms
GPU: 0:83% 1:25% | Mem: 0:22.10G 1:6.28G | RAM: 17.0G/503G (4%)
CPU: 3/48 cores used | 6%

Epoch 1:          [2026-03-20 05:11:20]       [lr: 0.001]
Loss = 88.1534    Adversarial Loss = 7.8375   Valid Loss = 7.7091
Epoch 2 | Epoch: 11.7m | Total: 24.1m | Step: 1500ms
GPU: 0:71% 1:57% | Mem: 0:22.10G 1:6.28G | RAM: 17.0G/503G (4%)
CPU: 2/48 cores used | 5%

Epoch 2:          [2026-03-20 05:23:39]       [lr: 0.001]
Loss = 9.6628     Adversarial Loss = 0.9364   Valid Loss = 6.8153
Epoch 3 | Epoch: 11.7m | Total: 36.4m | Step: 1498ms
GPU: 0:83% 1:49% | Mem: 0:22.10G 1:6.28G | RAM: 16.7G/503G (4%)
CPU: 2/48 cores used | 5%

Epoch 3:          [2026-03-20 05:35:58]       [lr: 0.001]
Loss = 8.7899     Adversarial Loss = 0.9301   Valid Loss = 6.2251
Epoch 4 | Epoch: 11.7m | Total: 48.7m | Step: 1498ms
GPU: 0:99% 1:33% | Mem: 0:22.10G 1:6.28G | RAM: 17.1G/503G (4%)
CPU: 2/48 cores used | 5%

Epoch 4:          [2026-03-20 05:48:16]       [lr: 0.001]
Loss = 8.3585     Adversarial Loss = 0.9254   Valid Loss = 5.9011
Epoch 5 | Epoch: 11.7m | Total: 1.0h | Step: 1499ms
GPU: 0:84% 1:28% | Mem: 0:22.10G 1:6.28G | RAM: 16.7G/503G (4%)
CPU: 2/48 cores used | 5%

Epoch 5:          [2026-03-20 06:00:35]       [lr: 0.001]
Loss = 8.1057     Adversarial Loss = 0.8997   Valid Loss = 5.6023
Epoch 6 | Epoch: 11.7m | Total: 1.2h | Step: 1498ms
GPU: 0:71% 1:27% | Mem: 0:22.10G 1:6.28G | RAM: 17.1G/503G (4%)
CPU: 2/48 cores used | 5%

Epoch 6:          [2026-03-20 06:12:53]       [lr: 0.001]
Loss = 7.9013     Adversarial Loss = 0.8527   Valid Loss = 5.4378
Epoch 7 | Epoch: 11.7m | Total: 1.4h | Step: 1499ms
GPU: 0:83% 1:31% | Mem: 0:22.10G 1:6.28G | RAM: 16.7G/503G (4%)
CPU: 2/48 cores used | 5%

Epoch 7:          [2026-03-20 06:25:13]       [lr: 0.001]
Loss = 7.7099     Adversarial Loss = 0.8484   Valid Loss = 5.3317
Epoch 8 | Epoch: 11.7m | Total: 1.6h | Step: 1500ms
GPU: 0:83% 1:49% | Mem: 0:22.10G 1:6.28G | RAM: 17.1G/503G (4%)
CPU: 2/48 cores used | 5%

Epoch 8:          [2026-03-20 06:37:32]       [lr: 0.001]
Loss = 7.5351     Adversarial Loss = 0.8473   Valid Loss = 5.2881
Epoch 9 | Epoch: 11.7m | Total: 1.8h | Step: 1499ms
GPU: 0:84% 1:28% | Mem: 0:22.10G 1:6.28G | RAM: 16.9G/503G (4%)
CPU: 2/48 cores used | 5%

Epoch 9:          [2026-03-20 06:49:51]       [lr: 0.001]
Loss = 7.3762     Adversarial Loss = 0.8510   Valid Loss = 5.2176
Epoch 10 | Epoch: 11.7m | Total: 2.0h | Step: 1498ms
GPU: 0:83% 1:27% | Mem: 0:22.10G 1:6.28G | RAM: 17.3G/503G (4%)
CPU: 2/48 cores used | 5%

Epoch 10:         [2026-03-20 07:02:10]       [lr: 0.001]
Loss = 7.2379     Adversarial Loss = 0.8566   Valid Loss = 5.2024
Epoch 11 | Epoch: 11.7m | Total: 2.2h | Step: 1497ms
GPU: 0:82% 1:47% | Mem: 0:22.10G 1:6.28G | RAM: 16.9G/503G (4%)
CPU: 2/48 cores used | 5%

Epoch 11:         [2026-03-20 07:14:28]       [lr: 0.001]
Loss = 7.1113     Adversarial Loss = 0.8627   Valid Loss = 5.1939
Epoch 12 | Epoch: 11.7m | Total: 2.5h | Step: 1498ms
GPU: 0:79% 1:52% | Mem: 0:22.10G 1:6.28G | RAM: 17.3G/503G (4%)
CPU: 2/48 cores used | 5%

Epoch 12:         [2026-03-20 07:26:47]       [lr: 0.001]
Loss = 7.0021     Adversarial Loss = 0.8714   Valid Loss = 5.1691
Epoch 13 | Epoch: 11.7m | Total: 2.7h | Step: 1499ms
GPU: 0:84% 1:30% | Mem: 0:22.10G 1:6.28G | RAM: 17.0G/503G (4%)
CPU: 2/48 cores used | 5%

Epoch 13:         [2026-03-20 07:39:05]       [lr: 0.001]
Loss = 6.8899     Adversarial Loss = 0.8801   Valid Loss = 5.1817
Epoch 14 | Epoch: 11.7m | Total: 2.9h | Step: 1498ms
GPU: 0:84% 1:28% | Mem: 0:22.10G 1:6.28G | RAM: 17.3G/503G (4%)
CPU: 2/48 cores used | 5%

Epoch 14:         [2026-03-20 07:51:22]       [lr: 0.0005]
Loss = 6.5531     Adversarial Loss = 0.8912   Valid Loss = 5.2794
Epoch 15 | Epoch: 11.7m | Total: 3.1h | Step: 1498ms
GPU: 0:83% 1:33% | Mem: 0:22.10G 1:6.28G | RAM: 16.9G/503G (4%)
CPU: 2/48 cores used | 5%

Epoch 15:         [2026-03-20 08:03:39]       [lr: 0.00025]
Loss = 6.2434     Adversarial Loss = 0.8951   Valid Loss = 5.4786
Epoch 16 | Epoch: 11.7m | Total: 3.3h | Step: 1499ms
GPU: 0:82% 1:31% | Mem: 0:22.10G 1:6.28G | RAM: 17.3G/503G (4%)
CPU: 2/48 cores used | 5%

Epoch 16:         [2026-03-20 08:15:56]       [lr: 0.000125]
Loss = 6.0362     Adversarial Loss = 0.8981   Valid Loss = 5.6315
Epoch 17 | Epoch: 11.7m | Total: 3.5h | Step: 1497ms
GPU: 0:83% 1:47% | Mem: 0:22.10G 1:6.28G | RAM: 16.9G/503G (4%)
CPU: 2/48 cores used | 5%

Epoch 17:         [2026-03-20 08:28:12]       [lr: 6.25e-05]
Loss = 5.9167     Adversarial Loss = 0.8992   Valid Loss = 5.7152

╔═════════════════════════════════════════════════════╗
║ 训练性能汇总 (Performance Summary)                        ║
╠═════════════════════════════════════════════════════╣
║ 总训练轮数                │                    17 epochs ║
║ 总训练时间                │                         3.5h ║
║ 平均单轮耗时               │                        11.7m ║
║ 平均单步耗时               │                      1499 ms ║
║ GPU 峰值显存             │                       22.10G ║
║ CPU 利用核心             │              2/48 cores | 5% ║
║ DataLoader 进程        │                   16 workers ║
╚═════════════════════════════════════════════════════╝

------------------------------------------FINAL RESULTS------------------------------------------
[2026-03-20 08:46:10] 
[Recommendation] MAE = 0.7521 | RMSE = 1.0268 
[Explanation] ROUGE: 13.7, 1.85, 10.43 
[Explanation] BLEU: 12.0, 4.39, 1.9, 1.0 
[Explanation] DIST: 0.52, 2.56,
[Explanation] METEOR: 9.35 
[Explanation] BERT: 0.0 

Current time: 2026-03-20 08:47:22.405687

Config: {'task_idx': 5, 'device': 0, 'device_ids': [0, 1], 'log_file': 'log.out', 'save_file': '/public/home/zhangliml/lc/D4C/D4C-main/code/checkpoints/5/model.pth', 'learning_rate': 0.001, 'epochs': 50, 'batch_size': 1024, 'num_proc': 16, 'emsize': 768, 'nlayers': 2, 'nhid': 2048, 'ntoken': 32128, 'dropout': 0.2, 'nuser': 33855, 'nitem': 34566, 'coef': 0.5, 'adversarial_coef': 0.01, 'nhead': 2}
[Train] batch_size=1024, epochs=50, steps_per_epoch=431
Epoch 1 | Epoch: 10.6m | Total: 10.6m | Step: 1470ms
GPU: 0:73% 1:40% | Mem: 0:21.85G 1:6.20G | RAM: 17.1G/503G (4%)
CPU: 3/48 cores used | 6%

Epoch 1:          [2026-03-20 08:58:27]       [lr: 0.001]
Loss = 90.5250    Adversarial Loss = 8.3414   Valid Loss = 7.3690
Epoch 2 | Epoch: 10.5m | Total: 21.6m | Step: 1465ms
GPU: 0:73% 1:69% | Mem: 0:21.85G 1:6.20G | RAM: 17.1G/503G (4%)
CPU: 2/48 cores used | 5%

Epoch 2:          [2026-03-20 09:09:29]       [lr: 0.001]
Loss = 9.5343     Adversarial Loss = 0.8866   Valid Loss = 6.7158

Current time: 2026-03-20 13:03:28.933221

Config (DDP): {'task_idx': 5, 'device': 0, 'device_ids': [0, 1], 'log_file': 'log.out', 'save_file': '/public/home/zhangliml/lc/D4C/D4C-main/code/checkpoints/5/model.pth', 'learning_rate': 0.001, 'epochs': 50, 'batch_size': 512, 'num_proc': 16, 'emsize': 768, 'nlayers': 2, 'nhid': 2048, 'ntoken': 32128, 'dropout': 0.2, 'nuser': 33855, 'nitem': 34566, 'coef': 0.5, 'adversarial_coef': 0.01, 'nhead': 2, 'batch_size_global': 1024}
[Train] batch_size=1024, epochs=50, steps_per_epoch=431 (DDP x2)

Current time: 2026-03-20 13:07:04.900878

Config (DDP): {'task_idx': 5, 'device': 0, 'device_ids': [0, 1], 'log_file': 'log.out', 'save_file': '/public/home/zhangliml/lc/D4C/D4C-main/code/checkpoints/5/model.pth', 'learning_rate': 0.001, 'epochs': 50, 'batch_size': 512, 'num_proc': 16, 'emsize': 768, 'nlayers': 2, 'nhid': 2048, 'ntoken': 32128, 'dropout': 0.2, 'nuser': 33855, 'nitem': 34566, 'coef': 0.5, 'adversarial_coef': 0.01, 'nhead': 2, 'batch_size_global': 1024}
[Train] batch_size=1024, epochs=50, steps_per_epoch=431 (DDP x2)
Epoch 1 | Epoch: 3.5m | Total: 3.5m | Step: 487ms
GPU: 0:99% 1:99% | Mem: 0:13.90G 1:0.00G | RAM: 19.9G/503G (5%)
CPU: 5/48 cores used | 10%

Current time: 2026-03-20 13:31:49.980851

Config (DDP): {'task_idx': 5, 'device': 0, 'device_ids': [0, 1], 'log_file': 'log.out', 'save_file': '/public/home/zhangliml/lc/D4C/D4C-main/code/checkpoints/5/model.pth', 'learning_rate': 0.001, 'epochs': 50, 'batch_size': 512, 'num_proc': 16, 'emsize': 768, 'nlayers': 2, 'nhid': 2048, 'ntoken': 32128, 'dropout': 0.2, 'nuser': 33855, 'nitem': 34566, 'coef': 0.5, 'adversarial_coef': 0.01, 'nhead': 2, 'batch_size_global': 1024}
[Train] batch_size=1024, epochs=50, steps_per_epoch=431 (DDP x2)
Epoch 1 | Epoch: 3.5m | Total: 3.5m | Step: 486ms
GPU: 0:99% 1:99% | Mem: 0:13.90G 1:0.00G | RAM: 19.9G/503G (5%)
CPU: 5/48 cores used | 10%

Epoch 1:          [2026-03-20 13:35:24]       [lr: 0.001]
Loss = 90.5334    Adversarial Loss = 8.2790   Valid Loss = 7.5444
Epoch 2 | Epoch: 3.5m | Total: 7.1m | Step: 484ms
GPU: 0:97% 1:99% | Mem: 0:13.90G 1:0.00G | RAM: 19.9G/503G (5%)
CPU: 3/48 cores used | 7%

Epoch 2:          [2026-03-20 13:38:58]       [lr: 0.001]
Loss = 9.4681     Adversarial Loss = 0.8048   Valid Loss = 6.4789
Epoch 3 | Epoch: 3.5m | Total: 10.7m | Step: 485ms
GPU: 0:99% 1:99% | Mem: 0:13.90G 1:0.00G | RAM: 19.6G/503G (5%)
CPU: 3/48 cores used | 7%

Epoch 3:          [2026-03-20 13:42:34]       [lr: 0.001]
Loss = 8.6702     Adversarial Loss = 0.7998   Valid Loss = 6.0386
Epoch 4 | Epoch: 3.5m | Total: 14.2m | Step: 485ms
GPU: 0:99% 1:95% | Mem: 0:13.90G 1:0.00G | RAM: 19.9G/503G (5%)
CPU: 3/48 cores used | 7%

Epoch 4:          [2026-03-20 13:46:09]       [lr: 0.001]
Loss = 8.2807     Adversarial Loss = 0.8660   Valid Loss = 5.6795
Epoch 5 | Epoch: 3.5m | Total: 17.8m | Step: 486ms
GPU: 0:99% 1:99% | Mem: 0:13.90G 1:0.00G | RAM: 19.9G/503G (5%)
CPU: 3/48 cores used | 7%

Epoch 5:          [2026-03-20 13:49:44]       [lr: 0.001]
Loss = 8.0453     Adversarial Loss = 0.8559   Valid Loss = 5.4628
Epoch 6 | Epoch: 3.5m | Total: 21.4m | Step: 486ms
GPU: 0:95% 1:99% | Mem: 0:13.90G 1:0.00G | RAM: 19.6G/503G (5%)
CPU: 3/48 cores used | 7%

Epoch 6:          [2026-03-20 13:53:20]       [lr: 0.001]
Loss = 7.8513     Adversarial Loss = 0.8489   Valid Loss = 5.3101
Epoch 7 | Epoch: 3.5m | Total: 25.0m | Step: 486ms
GPU: 0:99% 1:99% | Mem: 0:13.90G 1:0.00G | RAM: 20.0G/503G (5%)
CPU: 3/48 cores used | 7%

Epoch 7:          [2026-03-20 13:56:56]       [lr: 0.001]
Loss = 7.6848     Adversarial Loss = 0.8520   Valid Loss = 5.1927
Epoch 8 | Epoch: 3.5m | Total: 28.6m | Step: 486ms
GPU: 0:99% 1:99% | Mem: 0:13.90G 1:0.00G | RAM: 20.0G/503G (5%)
CPU: 3/48 cores used | 7%

Epoch 8:          [2026-03-20 14:00:31]       [lr: 0.001]
Loss = 7.5387     Adversarial Loss = 0.8500   Valid Loss = 5.1103
Epoch 9 | Epoch: 3.5m | Total: 32.2m | Step: 486ms
GPU: 0:95% 1:95% | Mem: 0:13.90G 1:0.00G | RAM: 19.6G/503G (5%)
CPU: 3/48 cores used | 7%

Epoch 9:          [2026-03-20 14:04:07]       [lr: 0.001]
Loss = 7.3878     Adversarial Loss = 0.8486   Valid Loss = 5.0867
Epoch 10 | Epoch: 3.5m | Total: 35.8m | Step: 485ms
GPU: 0:99% 1:99% | Mem: 0:13.90G 1:0.00G | RAM: 19.9G/503G (5%)
CPU: 3/48 cores used | 7%

Epoch 10:         [2026-03-20 14:07:43]       [lr: 0.001]
Loss = 7.2394     Adversarial Loss = 0.8443   Valid Loss = 5.0140
Epoch 11 | Epoch: 3.5m | Total: 39.4m | Step: 486ms
GPU: 0:99% 1:99% | Mem: 0:13.90G 1:0.00G | RAM: 20.0G/503G (5%)
CPU: 3/48 cores used | 7%

Epoch 11:         [2026-03-20 14:11:19]       [lr: 0.001]
Loss = 7.0853     Adversarial Loss = 0.8493   Valid Loss = 4.9740
Epoch 12 | Epoch: 3.5m | Total: 43.0m | Step: 486ms
GPU: 0:95% 1:95% | Mem: 0:13.90G 1:0.00G | RAM: 19.6G/503G (5%)
CPU: 3/48 cores used | 7%

Epoch 12:         [2026-03-20 14:14:54]       [lr: 0.001]
Loss = 6.9291     Adversarial Loss = 0.8616   Valid Loss = 4.9955
Epoch 13 | Epoch: 3.5m | Total: 46.6m | Step: 485ms
GPU: 0:99% 1:99% | Mem: 0:13.90G 1:0.00G | RAM: 20.0G/503G (5%)
CPU: 3/48 cores used | 7%

Epoch 13:         [2026-03-20 14:18:28]       [lr: 0.0005]
Loss = 6.5510     Adversarial Loss = 0.8807   Valid Loss = 5.0917
Epoch 14 | Epoch: 3.5m | Total: 50.1m | Step: 485ms
GPU: 0:95% 1:99% | Mem: 0:13.90G 1:0.00G | RAM: 20.0G/503G (5%)
CPU: 3/48 cores used | 7%

Epoch 14:         [2026-03-20 14:22:02]       [lr: 0.00025]
Loss = 6.2127     Adversarial Loss = 0.8954   Valid Loss = 5.2676
Epoch 15 | Epoch: 3.5m | Total: 53.7m | Step: 485ms
GPU: 0:99% 1:99% | Mem: 0:13.90G 1:0.00G | RAM: 19.6G/503G (5%)
CPU: 3/48 cores used | 7%

Epoch 15:         [2026-03-20 14:25:36]       [lr: 0.000125]
Loss = 5.9919     Adversarial Loss = 0.9029   Valid Loss = 5.3656
Epoch 16 | Epoch: 3.5m | Total: 57.3m | Step: 485ms
GPU: 0:94% 1:99% | Mem: 0:13.90G 1:0.00G | RAM: 19.7G/503G (5%)
CPU: 3/48 cores used | 7%

Epoch 16:         [2026-03-20 14:29:10]       [lr: 6.25e-05]
Loss = 5.8671     Adversarial Loss = 0.9074   Valid Loss = 5.4691

╔═════════════════════════════════════════════════════╗
║ 训练性能汇总 (Performance Summary)                        ║
╠═════════════════════════════════════════════════════╣
║ 总训练轮数                │                    16 epochs ║
║ 总训练时间                │                        57.3m ║
║ 平均单轮耗时               │                         3.5m ║
║ 平均单步耗时               │                       485 ms ║
║ GPU 峰值显存             │                       13.90G ║
║ CPU 利用核心             │              3/48 cores | 7% ║
║ DataLoader 进程        │                   16 workers ║
╚═════════════════════════════════════════════════════╝

------------------------------------------FINAL RESULTS------------------------------------------
[2026-03-20 14:43:19] 
[Recommendation] MAE = 0.7201 | RMSE = 0.9575 
[Explanation] ROUGE: 14.37, 1.94, 11.04 
[Explanation] BLEU: 14.17, 5.18, 2.31, 1.28 
[Explanation] DIST: 0.41, 1.78,
[Explanation] METEOR: 10.32 
[Explanation] BERT: 63.47 

Current time: 2026-03-20 15:14:58.433720

Config (DDP): {'task_idx': 6, 'device': 0, 'device_ids': [0, 1], 'log_file': 'log.out', 'save_file': '/public/home/zhangliml/lc/D4C/D4C-main/code/checkpoints/6/model.pth', 'learning_rate': 0.001, 'epochs': 50, 'batch_size': 512, 'num_proc': 16, 'emsize': 768, 'nlayers': 2, 'nhid': 2048, 'ntoken': 32128, 'dropout': 0.2, 'nuser': 49046, 'nitem': 34758, 'coef': 0.5, 'adversarial_coef': 0.01, 'nhead': 2, 'batch_size_global': 1024}
[Train] batch_size=1024, epochs=50, steps_per_epoch=470 (DDP x2)
Epoch 1 | Epoch: 3.9m | Total: 3.9m | Step: 500ms
GPU: 0:99% 1:77% | Mem: 0:14.35G 1:0.00G | RAM: 21.7G/503G (5%)
CPU: 5/48 cores used | 10%

Epoch 1:          [2026-03-20 15:18:58]       [lr: 0.001]
Loss = 88.0958    Adversarial Loss = 7.8982   Valid Loss = 7.6588
Epoch 2 | Epoch: 3.9m | Total: 7.9m | Step: 496ms
GPU: 0:95% 1:94% | Mem: 0:14.34G 1:0.00G | RAM: 23.4G/503G (6%)
CPU: 4/48 cores used | 7%

Epoch 2:          [2026-03-20 15:22:58]       [lr: 0.001]
Loss = 9.8137     Adversarial Loss = 0.9269   Valid Loss = 7.5126
Epoch 3 | Epoch: 3.9m | Total: 11.9m | Step: 497ms
GPU: 0:94% 1:99% | Mem: 0:14.34G 1:0.00G | RAM: 23.8G/503G (6%)
CPU: 4/48 cores used | 8%

Epoch 3:          [2026-03-20 15:26:59]       [lr: 0.001]
Loss = 9.3304     Adversarial Loss = 0.9120   Valid Loss = 6.5203
Epoch 4 | Epoch: 3.9m | Total: 15.9m | Step: 497ms
GPU: 0:99% 1:99% | Mem: 0:14.34G 1:0.00G | RAM: 23.4G/503G (6%)
CPU: 4/48 cores used | 7%

Epoch 4:          [2026-03-20 15:30:59]       [lr: 0.001]
Loss = 8.4442     Adversarial Loss = 0.9130   Valid Loss = 5.7752
Epoch 5 | Epoch: 3.9m | Total: 19.9m | Step: 498ms
GPU: 0:99% 1:97% | Mem: 0:14.34G 1:0.00G | RAM: 23.8G/503G (6%)
CPU: 3/48 cores used | 7%

Epoch 5:          [2026-03-20 15:34:59]       [lr: 0.001]
Loss = 8.0686     Adversarial Loss = 0.9273   Valid Loss = 5.5027
Epoch 6 | Epoch: 3.9m | Total: 23.9m | Step: 497ms
GPU: 0:95% 1:95% | Mem: 0:14.34G 1:0.00G | RAM: 24.1G/503G (6%)
CPU: 3/48 cores used | 7%

Epoch 6:          [2026-03-20 15:38:59]       [lr: 0.001]
Loss = 7.8254     Adversarial Loss = 0.9207   Valid Loss = 5.3541
Epoch 7 | Epoch: 3.9m | Total: 28.0m | Step: 497ms
GPU: 0:94% 1:95% | Mem: 0:14.34G 1:0.00G | RAM: 24.5G/503G (6%)
CPU: 4/48 cores used | 7%

Epoch 7:          [2026-03-20 15:43:00]       [lr: 0.001]
Loss = 7.5874     Adversarial Loss = 0.9125   Valid Loss = 5.2316
Epoch 8 | Epoch: 3.9m | Total: 32.0m | Step: 498ms
GPU: 0:99% 1:99% | Mem: 0:14.34G 1:0.00G | RAM: 24.1G/503G (6%)
CPU: 4/48 cores used | 7%

Epoch 8:          [2026-03-20 15:47:01]       [lr: 0.001]
Loss = 7.3480     Adversarial Loss = 0.9066   Valid Loss = 5.1909
Epoch 9 | Epoch: 3.9m | Total: 36.0m | Step: 499ms
GPU: 0:99% 1:99% | Mem: 0:14.34G 1:0.00G | RAM: 24.5G/503G (6%)
CPU: 3/48 cores used | 7%

Epoch 9:          [2026-03-20 15:51:02]       [lr: 0.001]
Loss = 7.1157     Adversarial Loss = 0.9074   Valid Loss = 5.1858
Epoch 10 | Epoch: 3.9m | Total: 40.0m | Step: 499ms
GPU: 0:99% 1:99% | Mem: 0:14.34G 1:0.00G | RAM: 24.1G/503G (6%)
CPU: 4/48 cores used | 7%

Epoch 10:         [2026-03-20 15:55:03]       [lr: 0.001]
Loss = 6.9088     Adversarial Loss = 0.9097   Valid Loss = 5.2203
Epoch 11 | Epoch: 3.9m | Total: 44.0m | Step: 498ms
GPU: 0:95% 1:99% | Mem: 0:14.34G 1:0.00G | RAM: 24.5G/503G (6%)
CPU: 3/48 cores used | 7%

Epoch 11:         [2026-03-20 15:59:02]       [lr: 0.0005]
Loss = 6.4427     Adversarial Loss = 0.9105   Valid Loss = 5.4530
Epoch 12 | Epoch: 3.9m | Total: 48.0m | Step: 498ms
GPU: 0:99% 1:99% | Mem: 0:14.34G 1:0.00G | RAM: 24.4G/503G (6%)
CPU: 4/48 cores used | 7%

Epoch 12:         [2026-03-20 16:03:00]       [lr: 0.00025]
Loss = 6.0333     Adversarial Loss = 0.9097   Valid Loss = 5.7355
Epoch 13 | Epoch: 3.9m | Total: 51.9m | Step: 499ms
GPU: 0:95% 1:99% | Mem: 0:14.34G 1:0.00G | RAM: 24.5G/503G (6%)
CPU: 4/48 cores used | 7%

Epoch 13:         [2026-03-20 16:07:00]       [lr: 0.000125]
Loss = 5.7672     Adversarial Loss = 0.9087   Valid Loss = 5.9603
Epoch 14 | Epoch: 3.9m | Total: 55.9m | Step: 499ms
GPU: 0:99% 1:95% | Mem: 0:14.34G 1:0.00G | RAM: 24.5G/503G (6%)
CPU: 4/48 cores used | 7%

Epoch 14:         [2026-03-20 16:10:59]       [lr: 6.25e-05]
Loss = 5.6215     Adversarial Loss = 0.9079   Valid Loss = 6.0759

╔═════════════════════════════════════════════════════╗
║ 训练性能汇总 (Performance Summary)                        ║
╠═════════════════════════════════════════════════════╣
║ 总训练轮数                │                    14 epochs ║
║ 总训练时间                │                        55.9m ║
║ 平均单轮耗时               │                         3.9m ║
║ 平均单步耗时               │                       498 ms ║
║ GPU 峰值显存             │                       14.35G ║
║ CPU 利用核心             │              4/48 cores | 8% ║
║ DataLoader 进程        │                   16 workers ║
╚═════════════════════════════════════════════════════╝

------------------------------------------FINAL RESULTS------------------------------------------
[2026-03-20 16:25:15] 
[Recommendation] MAE = 0.7649 | RMSE = 1.0234 
[Explanation] ROUGE: 14.1, 1.93, 10.66 
[Explanation] BLEU: 12.62, 4.69, 2.08, 1.14 
[Explanation] DIST: 0.48, 2.49,
[Explanation] METEOR: 9.63 
[Explanation] BERT: 63.95 
------------------------------------------FINAL RESULTS------------------------------------------
[2026-03-20 22:52:51] 
[Recommendation] MAE = 0.7201 | RMSE = 0.9575 
[Explanation] ROUGE: 14.37, 1.94, 11.04 
[Explanation] BLEU: 14.17, 5.18, 2.31, 1.28 
[Explanation] DIST: 0.41, 1.78,
[Explanation] METEOR: 10.32 
[Explanation] BERT: 63.47 
------------------------------------------FINAL RESULTS------------------------------------------
[2026-03-20 23:07:12] 
[Recommendation] MAE = 0.7201 | RMSE = 0.9575 
[Explanation] ROUGE: 14.37, 1.94, 11.04 
[Explanation] BLEU: 14.17, 5.18, 2.31, 1.28 
[Explanation] DIST: 0.41, 1.78,
[Explanation] METEOR: 0.0 
[Explanation] BERT: 63.47 

Current time: 2026-03-21 13:19:17.256359

Config (DDP): {'task_idx': 5, 'device': 0, 'log_file': 'log.out', 'save_file': '/public/home/zhangliml/lc/D4C/D4C-main/checkpoints/5/model.pth', 'learning_rate': 0.001, 'epochs': 50, 'batch_size': 512, 'batch_size_global': 1024, 'num_proc': 12, 'emsize': 768, 'nlayers': 2, 'nhid': 2048, 'ntoken': 32128, 'dropout': 0.2, 'nuser': 21014, 'nitem': 18962, 'coef': 0.5, 'nhead': 2, 'eta': 0.001, 'device_ids': [0, 1]}
[Train] batch_size=1024, epochs=50, steps_per_epoch=486 (DDP x2)
Epoch 1 | Epoch: 2.4m | Total: 2.4m | Step: 302ms
GPU: 0:98% 1:99% | Mem: 0:13.33G 1:0.00G | RAM: 25.1G/503G (6%)
CPU: 2/12 cores used | 15%
Epoch 1: [2026-03-21 13:21:44] [lr: 0.001] Loss = 344.7124

Current time: 2026-03-21 13:55:42.923831

Config (DDP): {'task_idx': 5, 'device': 0, 'log_file': 'log.out', 'save_file': '/public/home/zhangliml/lc/D4C/D4C-main/checkpoints/5/model.pth', 'learning_rate': 0.001, 'epochs': 1, 'batch_size': 512, 'batch_size_global': 1024, 'num_proc': 12, 'emsize': 768, 'nlayers': 2, 'nhid': 2048, 'ntoken': 32128, 'dropout': 0.2, 'nuser': 21014, 'nitem': 18962, 'coef': 0.5, 'nhead': 2, 'eta': 0.001, 'device_ids': [0, 1]}
[Train] batch_size=1024, epochs=1, steps_per_epoch=486 (DDP x2)

Current time: 2026-03-21 13:58:12.833596

Config (DDP): {'task_idx': 5, 'device': 0, 'log_file': 'log.out', 'save_file': '/public/home/zhangliml/lc/D4C/D4C-main/checkpoints/5/model.pth', 'learning_rate': 0.001, 'epochs': 1, 'batch_size': 512, 'batch_size_global': 1024, 'num_proc': 12, 'emsize': 768, 'nlayers': 2, 'nhid': 2048, 'ntoken': 32128, 'dropout': 0.2, 'nuser': 21014, 'nitem': 18962, 'coef': 0.5, 'nhead': 2, 'eta': 0.001, 'device_ids': [0, 1]}
[Train] batch_size=1024, epochs=1, steps_per_epoch=486 (DDP x2)
Epoch 1 | Epoch: 2.4m | Total: 2.4m | Step: 302ms
GPU: 0:98% 1:99% | Mem: 0:13.33G 1:0.00G | RAM: 25.8G/503G (6%)
CPU: 2/12 cores used | 18%
Epoch 1: [2026-03-21 14:00:39] [lr: 0.001] Loss = 344.7124

╔═════════════════════════════════════════════════════╗
║ 训练性能汇总 (Performance Summary)                        ║
╠═════════════════════════════════════════════════════╣
║ 总训练轮数                │                     1 epochs ║
║ 总训练时间                │                         2.4m ║
║ 平均单轮耗时               │                         2.4m ║
║ 平均单步耗时               │                       302 ms ║
║ GPU 峰值显存             │                       13.33G ║
║ CPU 利用核心             │             2/12 cores | 15% ║
║ Tokenize (map) num_p │                           12 ║
║ DataLoader train wor │                            3 ║
║ DataLoader valid wor │                            1 ║
╚═════════════════════════════════════════════════════╝


Current time: 2026-03-21 14:05:37.006775

Config (DDP): {'task_idx': 5, 'device': 0, 'log_file': 'log.out', 'save_file': '/public/home/zhangliml/lc/D4C/D4C-main/checkpoints/5/model.pth', 'learning_rate': 0.001, 'epochs': 1, 'batch_size': 512, 'batch_size_global': 1024, 'num_proc': 12, 'emsize': 768, 'nlayers': 2, 'nhid': 2048, 'ntoken': 32128, 'dropout': 0.2, 'nuser': 21014, 'nitem': 18962, 'coef': 0.5, 'nhead': 2, 'eta': 0.001, 'device_ids': [0, 1]}
[Train] batch_size=1024, epochs=1, steps_per_epoch=486 (DDP x2)
Epoch 1 | Epoch: 2.4m | Total: 2.4m | Step: 302ms
GPU: 0:99% 1:99% | Mem: 0:13.33G 1:0.00G | RAM: 26.1G/503G (6%)
CPU: 2/12 cores used | 17%
Epoch 1: [2026-03-21 14:08:03] [lr: 0.001] Loss = 344.7124

╔═════════════════════════════════════════════════════╗
║ 训练性能汇总 (Performance Summary)                        ║
╠═════════════════════════════════════════════════════╣
║ 总训练轮数                │                     1 epochs ║
║ 总训练时间                │                         2.4m ║
║ 平均单轮耗时               │                         2.4m ║
║ 平均单步耗时               │                       302 ms ║
║ GPU 峰值显存             │                       13.33G ║
║ CPU 利用核心             │             2/12 cores | 13% ║
║ Tokenize (map) num_p │                           12 ║
║ DataLoader train wor │                            3 ║
║ DataLoader valid wor │                            1 ║
╚═════════════════════════════════════════════════════╝

------------------------------------------FINAL RESULTS------------------------------------------
[2026-03-21 14:18:53] 
[Recommendation] MAE = 0.8994 | RMSE = 1.1606 
[Explanation] ROUGE: 11.44, 0.0, 7.64 
[Explanation] BLEU: 1.73, 0.02, 0.0, 0.0 
[Explanation] DIST: 0.0, 0.01,
[Explanation] METEOR: 0.0 
[Explanation] BERT: 46.32 

Current time: 2026-03-21 15:14:02.390079

Config (DDP): {'task_idx': 5, 'device': 0, 'log_file': '/public/home/zhangliml/lc/D4C/D4C-main/log/step5_20260321_1512.log', 'save_file': '/public/home/zhangliml/lc/D4C/D4C-main/checkpoints/5/model.pth', 'learning_rate': 0.001, 'epochs': 50, 'batch_size': 512, 'batch_size_global': 1024, 'num_proc': 12, 'emsize': 768, 'nlayers': 2, 'nhid': 2048, 'ntoken': 32128, 'dropout': 0.2, 'nuser': 21014, 'nitem': 18962, 'coef': 0.5, 'nhead': 2, 'eta': 0.001, 'device_ids': [0, 1]}
[Train] batch_size=1024, epochs=50, steps_per_epoch=486 (DDP x2)
Epoch 1 | Epoch: 2.4m | Total: 2.4m | Step: 302ms
GPU: 0:99% 1:99% | Mem: 0:13.33G 1:0.00G | RAM: 26.4G/503G (6%)
CPU: 2/12 cores used | 19%
Epoch 1: [2026-03-21 15:16:29] [lr: 0.001] Loss = 344.7124
Epoch 2 | Epoch: 2.4m | Total: 5.0m | Step: 301ms
GPU: 0:98% 1:99% | Mem: 0:13.33G 1:0.00G | RAM: 27.2G/503G (6%)
CPU: 2/12 cores used | 17%
Epoch 2: [2026-03-21 15:19:02] [lr: 0.001] Loss = 10.3447
Epoch 3 | Epoch: 2.4m | Total: 7.5m | Step: 301ms
GPU: 0:99% 1:99% | Mem: 0:13.43G 1:0.00G | RAM: 27.3G/503G (6%)
CPU: 2/12 cores used | 17%
Epoch 3: [2026-03-21 15:21:34] [lr: 0.001] Loss = 9.6887
Epoch 4 | Epoch: 2.4m | Total: 10.1m | Step: 302ms
GPU: 0:99% 1:99% | Mem: 0:13.39G 1:0.00G | RAM: 27.7G/503G (7%)
CPU: 2/12 cores used | 17%
Epoch 4: [2026-03-21 15:24:07] [lr: 0.001] Loss = 9.2070
Epoch 5 | Epoch: 2.4m | Total: 12.6m | Step: 301ms
GPU: 0:99% 1:99% | Mem: 0:13.37G 1:0.00G | RAM: 27.7G/503G (7%)
CPU: 2/12 cores used | 17%
Epoch 5: [2026-03-21 15:26:40] [lr: 0.001] Loss = 8.8781
Epoch 6 | Epoch: 2.4m | Total: 15.2m | Step: 301ms
GPU: 0:99% 1:99% | Mem: 0:13.32G 1:0.00G | RAM: 27.7G/503G (7%)
CPU: 2/12 cores used | 18%
Epoch 6: [2026-03-21 15:29:13] [lr: 0.001] Loss = 8.6442
Epoch 7 | Epoch: 2.4m | Total: 17.7m | Step: 302ms
GPU: 0:99% 1:99% | Mem: 0:13.34G 1:0.00G | RAM: 27.7G/503G (7%)
CPU: 2/12 cores used | 17%
Epoch 7: [2026-03-21 15:31:46] [lr: 0.001] Loss = 8.4546
Epoch 8 | Epoch: 2.4m | Total: 20.3m | Step: 301ms
GPU: 0:99% 1:99% | Mem: 0:13.38G 1:0.00G | RAM: 27.7G/503G (7%)
CPU: 2/12 cores used | 18%
Epoch 8: [2026-03-21 15:34:19] [lr: 0.001] Loss = 8.2841
Epoch 9 | Epoch: 2.4m | Total: 22.8m | Step: 301ms
GPU: 0:99% 1:99% | Mem: 0:13.34G 1:0.00G | RAM: 27.7G/503G (7%)
CPU: 2/12 cores used | 17%
Epoch 9: [2026-03-21 15:36:52] [lr: 0.001] Loss = 8.1139
Epoch 10 | Epoch: 2.4m | Total: 25.4m | Step: 302ms
GPU: 0:99% 1:99% | Mem: 0:13.45G 1:0.00G | RAM: 27.7G/503G (7%)
CPU: 2/12 cores used | 17%
Epoch 10: [2026-03-21 15:39:25] [lr: 0.001] Loss = 7.9581
Epoch 11 | Epoch: 2.4m | Total: 27.9m | Step: 302ms
GPU: 0:99% 1:99% | Mem: 0:13.39G 1:0.00G | RAM: 27.4G/503G (7%)
CPU: 2/12 cores used | 18%
Epoch 11: [2026-03-21 15:41:58] [lr: 0.001] Loss = 7.8037
Epoch 12 | Epoch: 2.4m | Total: 30.5m | Step: 301ms
GPU: 0:99% 1:99% | Mem: 0:13.44G 1:0.00G | RAM: 27.4G/503G (7%)
CPU: 2/12 cores used | 17%
Epoch 12: [2026-03-21 15:44:31] [lr: 0.001] Loss = 7.6614
Epoch 13 | Epoch: 2.4m | Total: 33.0m | Step: 302ms
GPU: 0:99% 1:99% | Mem: 0:13.31G 1:0.00G | RAM: 27.4G/503G (7%)
CPU: 2/12 cores used | 18%
Epoch 13: [2026-03-21 15:47:04] [lr: 0.001] Loss = 7.5143
Epoch 14 | Epoch: 2.4m | Total: 35.6m | Step: 302ms
GPU: 0:99% 1:99% | Mem: 0:13.40G 1:0.00G | RAM: 27.4G/503G (7%)
CPU: 2/12 cores used | 18%
Epoch 14: [2026-03-21 15:49:36] [lr: 0.0005] Loss = 7.2089
Epoch 15 | Epoch: 2.4m | Total: 38.1m | Step: 302ms
GPU: 0:99% 1:99% | Mem: 0:13.43G 1:0.00G | RAM: 27.4G/503G (7%)
CPU: 2/12 cores used | 18%
Epoch 15: [2026-03-21 15:52:08] [lr: 0.00025] Loss = 6.9212
Epoch 16 | Epoch: 2.5m | Total: 40.6m | Step: 303ms
GPU: 0:99% 1:99% | Mem: 0:13.34G 1:0.00G | RAM: 27.4G/503G (7%)
CPU: 2/12 cores used | 17%
Epoch 16: [2026-03-21 15:54:40] [lr: 0.000125] Loss = 6.7304
Epoch 17 | Epoch: 2.5m | Total: 43.2m | Step: 303ms
GPU: 0:98% 1:99% | Mem: 0:13.38G 1:0.00G | RAM: 27.8G/503G (7%)
CPU: 2/12 cores used | 17%
Epoch 17: [2026-03-21 15:57:12] [lr: 6.25e-05] Loss = 6.6190

╔═════════════════════════════════════════════════════╗
║ 训练性能汇总 (Performance Summary)                        ║
╠═════════════════════════════════════════════════════╣
║ 总训练轮数                │                    17 epochs ║
║ 总训练时间                │                        43.2m ║
║ 平均单轮耗时               │                         2.4m ║
║ 平均单步耗时               │                       302 ms ║
║ GPU 峰值显存             │                       13.45G ║
║ CPU 利用核心             │             2/12 cores | 15% ║
║ Tokenize (map) num_p │                           12 ║
║ DataLoader train wor │                            3 ║
║ DataLoader valid wor │                            1 ║
╚═════════════════════════════════════════════════════╝

------------------------------------------FINAL RESULTS------------------------------------------
[2026-03-21 16:09:24] 
[Recommendation] MAE = 0.7393 | RMSE = 1.0164 
[Explanation] ROUGE: 12.96, 1.86, 9.99 
[Explanation] BLEU: 10.58, 4.0, 1.85, 1.05 
[Explanation] DIST: 0.37, 1.53,
[Explanation] METEOR: 0.0 
[Explanation] BERT: 63.97 
